2009-12-27 23:55:51 Warning: Warning (2): in_array() expects parameter 2 to be array, null given in [APP/controllers/fck_controller.php, line 40]
2009-12-28 00:02:44 Warning: Warning (2): in_array() expects parameter 2 to be array, null given in [APP/controllers/fck_controller.php, line 40]
2009-12-28 00:03:35 Warning: Warning (2): move_uploaded_file(/Applications/XAMPP/xamppfiles/htdocs/~Dars/htcenter/admin/files/1261929815.JPG) [<a href='http://php.net/function.move-uploaded-file'>function.move-uploaded-file</a>]: failed to open stream: No such file or directory in [APP/controllers/fck_controller.php, line 60]
2009-12-28 00:03:35 Warning: Warning (2): move_uploaded_file() [<a href='http://php.net/function.move-uploaded-file'>function.move-uploaded-file</a>]: Unable to move '/Applications/XAMPP/xamppfiles/temp/phpHgO1U8' to '/Applications/XAMPP/xamppfiles/htdocs/~Dars/htcenter/admin/files/1261929815.JPG' in [APP/controllers/fck_controller.php, line 60]
2009-12-28 00:04:20 Warning: Warning (2): move_uploaded_file(/Applications/XAMPP/xamppfiles/htdocs/~Dars/htcenter/admin/files/1261929860.JPG) [<a href='http://php.net/function.move-uploaded-file'>function.move-uploaded-file</a>]: failed to open stream: No such file or directory in [APP/controllers/fck_controller.php, line 60]
2009-12-28 00:04:20 Warning: Warning (2): move_uploaded_file() [<a href='http://php.net/function.move-uploaded-file'>function.move-uploaded-file</a>]: Unable to move '/Applications/XAMPP/xamppfiles/temp/php337kAq' to '/Applications/XAMPP/xamppfiles/htdocs/~Dars/htcenter/admin/files/1261929860.JPG' in [APP/controllers/fck_controller.php, line 60]
2009-12-28 00:05:11 Warning: Warning (2): move_uploaded_file(/Applications/XAMPP/xamppfiles/htdocs/~Dars/htcenter/admin/files/1261929911.JPG) [<a href='http://php.net/function.move-uploaded-file'>function.move-uploaded-file</a>]: failed to open stream: No such file or directory in [APP/controllers/fck_controller.php, line 60]
2009-12-28 00:05:11 Warning: Warning (2): move_uploaded_file() [<a href='http://php.net/function.move-uploaded-file'>function.move-uploaded-file</a>]: Unable to move '/Applications/XAMPP/xamppfiles/temp/phpHgO1U8' to '/Applications/XAMPP/xamppfiles/htdocs/~Dars/htcenter/admin/files/1261929911.JPG' in [APP/controllers/fck_controller.php, line 60]
2009-12-28 00:06:07 Warning: Warning (2): move_uploaded_file(/~Dars/htcenter/admin/files/1261929967.JPG) [<a href='http://php.net/function.move-uploaded-file'>function.move-uploaded-file</a>]: failed to open stream: No such file or directory in [APP/controllers/fck_controller.php, line 60]
2009-12-28 00:06:07 Warning: Warning (2): move_uploaded_file() [<a href='http://php.net/function.move-uploaded-file'>function.move-uploaded-file</a>]: Unable to move '/Applications/XAMPP/xamppfiles/temp/php337kAq' to '/~Dars/htcenter/admin/files/1261929967.JPG' in [APP/controllers/fck_controller.php, line 60]
2009-12-28 00:10:14 Warning: Warning (2): move_uploaded_file(/~Dars/htcenter/admin/files/1261930214.JPG) [<a href='http://php.net/function.move-uploaded-file'>function.move-uploaded-file</a>]: failed to open stream: No such file or directory in [APP/controllers/fck_controller.php, line 60]
2009-12-28 00:10:14 Warning: Warning (2): move_uploaded_file() [<a href='http://php.net/function.move-uploaded-file'>function.move-uploaded-file</a>]: Unable to move '/Applications/XAMPP/xamppfiles/temp/php337kAq' to '/~Dars/htcenter/admin/files/1261930214.JPG' in [APP/controllers/fck_controller.php, line 60]
2009-12-28 00:10:56 Warning: Warning (2): move_uploaded_file(/~Dars/htcenter/admin/webroot/files/1261930256.JPG) [<a href='http://php.net/function.move-uploaded-file'>function.move-uploaded-file</a>]: failed to open stream: No such file or directory in [APP/controllers/fck_controller.php, line 60]
2009-12-28 00:10:56 Warning: Warning (2): move_uploaded_file() [<a href='http://php.net/function.move-uploaded-file'>function.move-uploaded-file</a>]: Unable to move '/Applications/XAMPP/xamppfiles/temp/php337kAq' to '/~Dars/htcenter/admin/webroot/files/1261930256.JPG' in [APP/controllers/fck_controller.php, line 60]
2009-12-28 00:14:57 Warning: Warning (2): move_uploaded_file(/~Dars/htcenter/admin/app/webroot/files/1261930497.JPG) [<a href='http://php.net/function.move-uploaded-file'>function.move-uploaded-file</a>]: failed to open stream: No such file or directory in [APP/controllers/fck_controller.php, line 60]
2009-12-28 00:14:57 Warning: Warning (2): move_uploaded_file() [<a href='http://php.net/function.move-uploaded-file'>function.move-uploaded-file</a>]: Unable to move '/Applications/XAMPP/xamppfiles/temp/phpw24vYr' to '/~Dars/htcenter/admin/app/webroot/files/1261930497.JPG' in [APP/controllers/fck_controller.php, line 60]
2009-12-28 00:23:51 Warning: Warning (2): move_uploaded_file(http://localhost/~Dars/htcenter/admin/app/webroot/files/1261931031.JPG) [<a href='http://php.net/function.move-uploaded-file'>function.move-uploaded-file</a>]: failed to open stream: HTTP wrapper does not support writeable connections in [APP/controllers/fck_controller.php, line 60]
2009-12-28 00:23:51 Warning: Warning (2): move_uploaded_file() [<a href='http://php.net/function.move-uploaded-file'>function.move-uploaded-file</a>]: Unable to move '/Applications/XAMPP/xamppfiles/temp/phpHgO1U8' to 'http://localhost/~Dars/htcenter/admin/app/webroot/files/1261931031.JPG' in [APP/controllers/fck_controller.php, line 60]
2009-12-28 00:26:18 Warning: Warning (2): fopen(/~Dars/htcenter/admin/app/webroot/files/1261931178.dat) [<a href='http://php.net/function.fopen'>function.fopen</a>]: failed to open stream: No such file or directory in [APP/controllers/fck_controller.php, line 35]
2009-12-28 00:26:18 Warning: Warning (2): move_uploaded_file(http://localhost/~Dars/htcenter/admin/app/webroot/files/1261931178.JPG) [<a href='http://php.net/function.move-uploaded-file'>function.move-uploaded-file</a>]: failed to open stream: HTTP wrapper does not support writeable connections in [APP/controllers/fck_controller.php, line 61]
2009-12-28 00:26:18 Warning: Warning (2): move_uploaded_file() [<a href='http://php.net/function.move-uploaded-file'>function.move-uploaded-file</a>]: Unable to move '/Applications/XAMPP/xamppfiles/temp/phpw24vYr' to 'http://localhost/~Dars/htcenter/admin/app/webroot/files/1261931178.JPG' in [APP/controllers/fck_controller.php, line 61]
2009-12-28 00:29:04 Warning: Warning (2): move_uploaded_file(http://localhost/~Dars/htcenter/admin/app/webroot/files/1261931344.JPG) [<a href='http://php.net/function.move-uploaded-file'>function.move-uploaded-file</a>]: failed to open stream: HTTP wrapper does not support writeable connections in [APP/controllers/fck_controller.php, line 61]
2009-12-28 00:29:04 Warning: Warning (2): move_uploaded_file() [<a href='http://php.net/function.move-uploaded-file'>function.move-uploaded-file</a>]: Unable to move '/Applications/XAMPP/xamppfiles/temp/phpHgO1U8' to 'http://localhost/~Dars/htcenter/admin/app/webroot/files/1261931344.JPG' in [APP/controllers/fck_controller.php, line 61]
2009-12-28 01:09:04 Warning: Warning (512): <span style = "color:Red;text-align:left"><b>SQL Error:</b> 1054: Unknown column 'Boards.id' in 'order clause'</span> in [CORE/cake/libs/model/datasources/dbo_source.php, line 525]
2009-12-28 01:09:04 Warning: Warning (2): Invalid argument supplied for foreach() in [APP/views/boards/index.ctp, line 19]
2010-01-06 20:29:22 Warning: Warning (512): <span style = "color:Red;text-align:left"><b>SQL Error:</b> 1062: Duplicate entry 'admin' for key 'members_username'</span> in [CORE/cake/libs/model/datasources/dbo_source.php, line 525]
2010-01-07 00:46:52 Warning: Warning (512): <span style = "color:Red;text-align:left"><b>SQL Error:</b> 1062: Duplicate entry 'admin' for key 'members_username'</span> in [CORE/cake/libs/model/datasources/dbo_source.php, line 525]
